<?xml version="1.0" encoding="UTF-8"?>
<!-- Generated by org.testng.reporters.JUnitXMLReporter -->
<testsuite ignored="0" hostname="LAPTOP-GJ1MSIMK" failures="0" tests="3" name="Test" time="0.058" errors="0" timestamp="2024-08-27T00:51:15 IST">
  <testcase classname="Shail_Automation_testNG.Practice_testNG" name="display" time="0.01"/>
  <testcase classname="Shail_Automation_testNG.Practice_testNG" name="show" time="0.002"/>
  <testcase classname="Shail_Automation.Selenium" name="display" time="0.001"/>
</testsuite> <!-- Test -->
