<?xml version="1.0" encoding="UTF-8"?>
<testng-results ignored="0" total="1" passed="0" failed="1" skipped="0">
  <reporter-output>
  </reporter-output>
  <suite started-at="2024-09-03T05:58:08 IST" name="Default suite" finished-at="2024-09-03T05:58:31 IST" duration-ms="22371">
    <groups>
    </groups>
    <test started-at="2024-09-03T05:58:08 IST" name="Default test" finished-at="2024-09-03T05:58:31 IST" duration-ms="22371">
      <class name="testCasesCFB.BookingPlanTest_001">
        <test-method is-config="true" signature="setup()[pri:0, instance:testCasesCFB.BookingPlanTest_001@5b799640]" started-at="2024-09-03T05:58:08 IST" name="setup" finished-at="2024-09-03T05:58:13 IST" duration-ms="4430" status="PASS">
          <reporter-output>
          </reporter-output>
        </test-method> <!-- setup -->
        <test-method signature="verify_booking_plan()[pri:0, instance:testCasesCFB.BookingPlanTest_001@5b799640]" started-at="2024-09-03T05:58:13 IST" name="verify_booking_plan" finished-at="2024-09-03T05:58:31 IST" duration-ms="17865" status="FAIL">
          <exception class="org.openqa.selenium.ElementClickInterceptedException">
            <message>
              <![CDATA[element click intercepted: Element <input type="text" class="NhpT NhpT-mod-radius-base NhpT-mod-corner-radius-all NhpT-mod-size-large NhpT-mod-state-default NhpT-mod-text-overflow-ellipsis NhpT-mod-theme-search NhpT-mod-validation-state-neutral NhpT-mod-validation-style-border" value="" tabindex="0" aria-readonly="false" placeholder="To?" aria-label="Flight destination input" aria-autocomplete="list" aria-haspopup="listbox" data-test-destination=""> is not clickable at point (622, 234). Other element would receive the click: <p class="AFFP AFFP-body AFFP-m AFFP-res">...</p>
  (Session info: chrome=128.0.6613.86)
Build info: version: '4.19.1', revision: 'abe0ee07dc'
System info: os.name: 'Windows 11', os.arch: 'amd64', os.version: '10.0', java.version: '22.0.1'
Driver info: org.openqa.selenium.chrome.ChromeDriver
Command: [5fcf8705e89486a84d7c5a64b92082bf, clickElement {id=f.3D21FCB0B3126D8BE5529B58DDE1FAF1.d.1B6CB2C5DE5FBF44D05499C151125351.e.10}]
Capabilities {acceptInsecureCerts: false, browserName: chrome, browserVersion: 128.0.6613.86, chrome: {chromedriverVersion: 128.0.6613.119 (6e439cfca4d..., userDataDir: C:\Users\SHAILE~1\AppData\L...}, fedcm:accounts: true, goog:chromeOptions: {debuggerAddress: localhost:65145}, networkConnectionEnabled: false, pageLoadStrategy: normal, platformName: windows, proxy: Proxy(), se:cdp: ws://localhost:65145/devtoo..., se:cdpVersion: 128.0.6613.86, setWindowRect: true, strictFileInteractability: false, timeouts: {implicit: 0, pageLoad: 300000, script: 30000}, unhandledPromptBehavior: dismiss and notify, webauthn:extension:credBlob: true, webauthn:extension:largeBlob: true, webauthn:extension:minPinLength: true, webauthn:extension:prf: true, webauthn:virtualAuthenticators: true}
Element: [[ChromeDriver: chrome on windows (5fcf8705e89486a84d7c5a64b92082bf)] -> xpath: //div[@class="prSa"]//following-sibling::*//div//div//div[@role="img"]//following-sibling::*]
Session ID: 5fcf8705e89486a84d7c5a64b92082bf]]>
            </message>
            <full-stacktrace>
              <![CDATA[org.openqa.selenium.ElementClickInterceptedException: element click intercepted: Element <input type="text" class="NhpT NhpT-mod-radius-base NhpT-mod-corner-radius-all NhpT-mod-size-large NhpT-mod-state-default NhpT-mod-text-overflow-ellipsis NhpT-mod-theme-search NhpT-mod-validation-state-neutral NhpT-mod-validation-style-border" value="" tabindex="0" aria-readonly="false" placeholder="To?" aria-label="Flight destination input" aria-autocomplete="list" aria-haspopup="listbox" data-test-destination=""> is not clickable at point (622, 234). Other element would receive the click: <p class="AFFP AFFP-body AFFP-m AFFP-res">...</p>
  (Session info: chrome=128.0.6613.86)
Build info: version: '4.19.1', revision: 'abe0ee07dc'
System info: os.name: 'Windows 11', os.arch: 'amd64', os.version: '10.0', java.version: '22.0.1'
Driver info: org.openqa.selenium.chrome.ChromeDriver
Command: [5fcf8705e89486a84d7c5a64b92082bf, clickElement {id=f.3D21FCB0B3126D8BE5529B58DDE1FAF1.d.1B6CB2C5DE5FBF44D05499C151125351.e.10}]
Capabilities {acceptInsecureCerts: false, browserName: chrome, browserVersion: 128.0.6613.86, chrome: {chromedriverVersion: 128.0.6613.119 (6e439cfca4d..., userDataDir: C:\Users\SHAILE~1\AppData\L...}, fedcm:accounts: true, goog:chromeOptions: {debuggerAddress: localhost:65145}, networkConnectionEnabled: false, pageLoadStrategy: normal, platformName: windows, proxy: Proxy(), se:cdp: ws://localhost:65145/devtoo..., se:cdpVersion: 128.0.6613.86, setWindowRect: true, strictFileInteractability: false, timeouts: {implicit: 0, pageLoad: 300000, script: 30000}, unhandledPromptBehavior: dismiss and notify, webauthn:extension:credBlob: true, webauthn:extension:largeBlob: true, webauthn:extension:minPinLength: true, webauthn:extension:prf: true, webauthn:virtualAuthenticators: true}
Element: [[ChromeDriver: chrome on windows (5fcf8705e89486a84d7c5a64b92082bf)] -> xpath: //div[@class="prSa"]//following-sibling::*//div//div//div[@role="img"]//following-sibling::*]
Session ID: 5fcf8705e89486a84d7c5a64b92082bf
at java.base/jdk.internal.reflect.DirectConstructorHandleAccessor.newInstance(DirectConstructorHandleAccessor.java:62)
at java.base/java.lang.reflect.Constructor.newInstanceWithCaller(Constructor.java:502)
at java.base/java.lang.reflect.Constructor.newInstance(Constructor.java:486)
at org.openqa.selenium.remote.ErrorCodec.decode(ErrorCodec.java:167)
at org.openqa.selenium.remote.codec.w3c.W3CHttpResponseCodec.decode(W3CHttpResponseCodec.java:138)
at org.openqa.selenium.remote.codec.w3c.W3CHttpResponseCodec.decode(W3CHttpResponseCodec.java:50)
at org.openqa.selenium.remote.HttpCommandExecutor.execute(HttpCommandExecutor.java:190)
at org.openqa.selenium.remote.service.DriverCommandExecutor.invokeExecute(DriverCommandExecutor.java:216)
at org.openqa.selenium.remote.service.DriverCommandExecutor.execute(DriverCommandExecutor.java:174)
at org.openqa.selenium.remote.RemoteWebDriver.execute(RemoteWebDriver.java:518)
at org.openqa.selenium.remote.RemoteWebElement.execute(RemoteWebElement.java:223)
at org.openqa.selenium.remote.RemoteWebElement.click(RemoteWebElement.java:76)
at java.base/jdk.internal.reflect.DirectMethodHandleAccessor.invoke(DirectMethodHandleAccessor.java:103)
at java.base/java.lang.reflect.Method.invoke(Method.java:580)
at org.openqa.selenium.support.pagefactory.internal.LocatingElementHandler.invoke(LocatingElementHandler.java:51)
at jdk.proxy2/jdk.proxy2.$Proxy12.click(Unknown Source)
at pageObjectsCFB.BookingPlanCFB.selectLocation(BookingPlanCFB.java:63)
at testCasesCFB.BookingPlanTest_001.verify_booking_plan(BookingPlanTest_001.java:47)
at java.base/jdk.internal.reflect.DirectMethodHandleAccessor.invoke(DirectMethodHandleAccessor.java:103)
at java.base/java.lang.reflect.Method.invoke(Method.java:580)
at org.testng.internal.invokers.MethodInvocationHelper.invokeMethod(MethodInvocationHelper.java:141)
at org.testng.internal.invokers.TestInvoker.invokeMethod(TestInvoker.java:686)
at org.testng.internal.invokers.TestInvoker.invokeTestMethod(TestInvoker.java:230)
at org.testng.internal.invokers.MethodRunner.runInSequence(MethodRunner.java:63)
at org.testng.internal.invokers.TestInvoker$MethodInvocationAgent.invoke(TestInvoker.java:992)
at org.testng.internal.invokers.TestInvoker.invokeTestMethods(TestInvoker.java:203)
at org.testng.internal.invokers.TestMethodWorker.invokeTestMethods(TestMethodWorker.java:154)
at org.testng.internal.invokers.TestMethodWorker.run(TestMethodWorker.java:134)
at java.base/java.util.ArrayList.forEach(ArrayList.java:1597)
at org.testng.TestRunner.privateRun(TestRunner.java:739)
at org.testng.TestRunner.run(TestRunner.java:614)
at org.testng.SuiteRunner.runTest(SuiteRunner.java:421)
at org.testng.SuiteRunner.runSequentially(SuiteRunner.java:413)
at org.testng.SuiteRunner.privateRun(SuiteRunner.java:373)
at org.testng.SuiteRunner.run(SuiteRunner.java:312)
at org.testng.SuiteRunnerWorker.runSuite(SuiteRunnerWorker.java:52)
at org.testng.SuiteRunnerWorker.run(SuiteRunnerWorker.java:95)
at org.testng.TestNG.runSuitesSequentially(TestNG.java:1274)
at org.testng.TestNG.runSuitesLocally(TestNG.java:1208)
at org.testng.TestNG.runSuites(TestNG.java:1112)
at org.testng.TestNG.run(TestNG.java:1079)
at org.testng.remote.AbstractRemoteTestNG.run(AbstractRemoteTestNG.java:115)
at org.testng.remote.RemoteTestNG.initAndRun(RemoteTestNG.java:293)
at org.testng.remote.RemoteTestNG.main(RemoteTestNG.java:91)
]]>
            </full-stacktrace>
          </exception> <!-- org.openqa.selenium.ElementClickInterceptedException -->
          <reporter-output>
          </reporter-output>
        </test-method> <!-- verify_booking_plan -->
        <test-method is-config="true" signature="tearDown()[pri:0, instance:testCasesCFB.BookingPlanTest_001@5b799640]" started-at="2024-09-03T05:58:31 IST" name="tearDown" finished-at="2024-09-03T05:58:31 IST" duration-ms="2" status="PASS">
          <reporter-output>
          </reporter-output>
        </test-method> <!-- tearDown -->
      </class> <!-- testCasesCFB.BookingPlanTest_001 -->
    </test> <!-- Default test -->
  </suite> <!-- Default suite -->
</testng-results>
